<?xml version="1.0" encoding="UTF-8"?>
<!-- Generated by org.testng.reporters.JUnitReportReporter -->
<testsuite hostname="Arish" failures="0" tests="2" name="test.UserManagementTest" time="48.957" errors="0" timestamp="2024-06-29T19:22:24 BST" skipped="0">
  <testcase classname="test.UserManagementTest" name="verifyUserManagementOptionsUsers" time="27.429"/>
  <testcase classname="test.UserManagementTest" name="verifyUserManagementOptionsUsers" time="21.528"/>
</testsuite> <!-- test.UserManagementTest -->
