<?xml version="1.0" encoding="UTF-8"?>
<!-- Generated by org.testng.reporters.JUnitXMLReporter -->
<testsuite ignored="1" hostname="Arish" failures="1" tests="4" name="All TestCases" time="0.966" errors="0" timestamp="2024-06-30T09:33:54 BST">
  <testcase classname="test.LoginPageTest" name="VerifyLoginwithValidCredentials" time="0.728">
    <skipped/>
  </testcase> <!-- VerifyLoginwithValidCredentials -->
  <testcase classname="test.LoginPageTest" name="VerifyLoginwithValidCredentials" time="0.063">
    <skipped/>
  </testcase> <!-- VerifyLoginwithValidCredentials -->
  <testcase classname="test.LoginPageTest" name="VerifyLoginwithValidCredentials" time="0.058">
    <skipped/>
  </testcase> <!-- VerifyLoginwithValidCredentials -->
  <testcase classname="test.LoginPageTest" name="VerifyLoginwithValidCredentials" time="0.054">
    <failure type="java.lang.NullPointerException" message="Cannot invoke &amp;quot;org.openqa.selenium.SearchContext.findElement(org.openqa.selenium.By)&amp;quot; because &amp;quot;this.searchContext&amp;quot; is null">
      <![CDATA[java.lang.NullPointerException: Cannot invoke "org.openqa.selenium.SearchContext.findElement(org.openqa.selenium.By)" because "this.searchContext" is null
at org.openqa.selenium.support.pagefactory.DefaultElementLocator.findElement(DefaultElementLocator.java:68)
at org.openqa.selenium.support.pagefactory.internal.LocatingElementHandler.invoke(LocatingElementHandler.java:38)
at jdk.proxy2/jdk.proxy2.$Proxy13.sendKeys(Unknown Source)
at page_object.LoginPage.enterUserName(LoginPage.java:35)
at test.LoginPageTest.VerifyLoginwithValidCredentials(LoginPageTest.java:25)
at java.base/java.util.ArrayList.forEach(ArrayList.java:1511)
... Removed 27 stack frames]]>
    </failure>
  </testcase> <!-- VerifyLoginwithValidCredentials -->
  <testcase classname="test.LoginPageTest" name="VerifyErrorMessageWhileLoginwithInvalidCredentials" time="0.0">
    <ignored/>
  </testcase> <!-- VerifyErrorMessageWhileLoginwithInvalidCredentials -->
</testsuite> <!-- All TestCases -->
