<?xml version="1.0" encoding="UTF-8"?>
<!-- Generated by org.testng.reporters.JUnitXMLReporter -->
<testsuite ignored="1" hostname="Arish" failures="0" tests="1" name="All Test" time="41.587" errors="0" timestamp="2024-07-02T06:45:27 BST">
  <testcase classname="test.HomePageTest" name="verifyUserLoginDate" time="15.71"/>
  <testcase classname="test.HomePageTest" name="verifyUserManagementOptionsUsers" time="0.0">
    <ignored/>
  </testcase> <!-- verifyUserManagementOptionsUsers -->
</testsuite> <!-- All Test -->
