<?xml version="1.0" encoding="UTF-8"?>
<!-- Generated by org.testng.reporters.JUnitXMLReporter -->
<testsuite ignored="0" hostname="Arish" failures="1" tests="4" name="Functional Test" time="94.787" errors="0" timestamp="2024-07-09T20:41:51 BST">
  <testcase classname="test.HomePageTest" name="verifyUserLoginDate" time="7.454">
    <skipped/>
  </testcase> <!-- verifyUserLoginDate -->
  <testcase classname="test.HomePageTest" name="verifyUserLoginDate" time="5.212">
    <skipped/>
  </testcase> <!-- verifyUserLoginDate -->
  <testcase classname="test.HomePageTest" name="verifyUserLoginDate" time="5.399">
    <skipped/>
  </testcase> <!-- verifyUserLoginDate -->
  <testcase classname="test.HomePageTest" name="verifyUserLoginDate" time="5.237">
    <failure type="java.lang.AssertionError" message="Failed: Date mismatch expected [09-07-2024] but found [10-07-2024]">
      <![CDATA[java.lang.AssertionError: Failed: Date mismatch expected [09-07-2024] but found [10-07-2024]
at test.HomePageTest.verifyUserLoginDate(HomePageTest.java:27)
at java.base/java.util.ArrayList.forEach(ArrayList.java:1511)
... Removed 32 stack frames]]>
    </failure>
  </testcase> <!-- verifyUserLoginDate -->
</testsuite> <!-- Functional Test -->
