<?xml version="1.0" encoding="UTF-8"?>
<!-- Generated by org.testng.reporters.JUnitXMLReporter -->
<testsuite ignored="0" hostname="Arish" failures="4" tests="7" name="LoginPageTest" time="176.687" errors="0" timestamp="2024-07-02T07:00:43 BST">
  <testcase classname="test.LoginPageTest" name="VerifyErrorMessageWhileLoginwithInvalidCredentials" time="6.281">
    <failure type="java.lang.RuntimeException" message="Invalid Excel">
      <![CDATA[java.lang.RuntimeException: Invalid Excel
at utilities.ExcelUtility.getStringData(ExcelUtility.java:31)
at test.LoginPageTest.VerifyErrorMessageWhileLoginwithInvalidCredentials(LoginPageTest.java:40)
at java.base/java.util.ArrayList.forEach(ArrayList.java:1511)
... Removed 27 stack frames]]>
    </failure>
  </testcase> <!-- VerifyErrorMessageWhileLoginwithInvalidCredentials -->
  <testcase classname="test.LoginPageTest" name="VerifyErrorMessageWhileLoginwithInvalidCredentials" time="3.469">
    <failure type="java.lang.RuntimeException" message="Invalid Excel">
      <![CDATA[java.lang.RuntimeException: Invalid Excel
at utilities.ExcelUtility.getStringData(ExcelUtility.java:31)
at test.LoginPageTest.VerifyErrorMessageWhileLoginwithInvalidCredentials(LoginPageTest.java:40)
at java.base/java.util.ArrayList.forEach(ArrayList.java:1511)
... Removed 27 stack frames]]>
    </failure>
  </testcase> <!-- VerifyErrorMessageWhileLoginwithInvalidCredentials -->
  <testcase classname="test.LoginPageTest" name="VerifyErrorMessageWhileLoginwithInvalidCredentials" time="2.861">
    <failure type="java.lang.RuntimeException" message="Invalid Excel">
      <![CDATA[java.lang.RuntimeException: Invalid Excel
at utilities.ExcelUtility.getStringData(ExcelUtility.java:31)
at test.LoginPageTest.VerifyErrorMessageWhileLoginwithInvalidCredentials(LoginPageTest.java:40)
at java.base/java.util.ArrayList.forEach(ArrayList.java:1511)
... Removed 27 stack frames]]>
    </failure>
  </testcase> <!-- VerifyErrorMessageWhileLoginwithInvalidCredentials -->
  <testcase classname="test.LoginPageTest" name="VerifyLoginwithValidCredentials" time="9.479">
    <skipped/>
  </testcase> <!-- VerifyLoginwithValidCredentials -->
  <testcase classname="test.LoginPageTest" name="VerifyLoginwithValidCredentials" time="7.929">
    <skipped/>
  </testcase> <!-- VerifyLoginwithValidCredentials -->
  <testcase classname="test.LoginPageTest" name="VerifyLoginwithValidCredentials" time="6.483">
    <skipped/>
  </testcase> <!-- VerifyLoginwithValidCredentials -->
  <testcase classname="test.LoginPageTest" name="VerifyLoginwithValidCredentials" time="6.053">
    <failure type="java.lang.RuntimeException" message="Invalid Excel">
      <![CDATA[java.lang.RuntimeException: Invalid Excel
at utilities.ExcelUtility.getStringData(ExcelUtility.java:31)
at test.LoginPageTest.VerifyLoginwithValidCredentials(LoginPageTest.java:29)
at java.base/java.util.ArrayList.forEach(ArrayList.java:1511)
... Removed 27 stack frames]]>
    </failure>
  </testcase> <!-- VerifyLoginwithValidCredentials -->
</testsuite> <!-- LoginPageTest -->
