<?xml version="1.0" encoding="UTF-8"?>
<!-- Generated by org.testng.reporters.JUnitXMLReporter -->
<testsuite ignored="0" hostname="Arish" failures="3" tests="13" name="Test Report" time="436.522" errors="0" timestamp="2024-07-01T07:40:36 BST">
  <testcase classname="automationCore.Base" name="@AfterMethod closeBrowser" time="0.034">
    <failure type="org.openqa.selenium.NoSuchWindowException" message="no such window: target window already closed
from unknown error: web view not found
  (Session info: chrome=126.0.6478.127)
Build info: version: &amp;apos;4.18.1&amp;apos;, revision: &amp;apos;b1d3319b48&amp;apos;
System info: os.name: &amp;apos;Windows 11&amp;apos;, os.arch: &amp;apos;amd64&amp;apos;, os.version: &amp;apos;10.0&amp;apos;, java.version: &amp;apos;17.0.10&amp;apos;
Driver info: org.openqa.selenium.chrome.ChromeDriver
Command: [b663b4226697fbab0de0b172f0e2fcd0, screenshot {}]
Capabilities {acceptInsecureCerts: false, browserName: chrome, browserVersion: 126.0.6478.127, chrome: {chromedriverVersion: 126.0.6478.126 (d36ace6122e..., userDataDir: C:\Users\hp\AppData\Local\T...}, fedcm:accounts: true, goog:chromeOptions: {debuggerAddress: localhost:51167}, networkConnectionEnabled: false, pageLoadStrategy: normal, platformName: windows, proxy: Proxy(), se:cdp: ws://localhost:51167/devtoo..., se:cdpVersion: 126.0.6478.127, setWindowRect: true, strictFileInteractability: false, timeouts: {implicit: 0, pageLoad: 300000, script: 30000}, unhandledPromptBehavior: dismiss and notify, webauthn:extension:credBlob: true, webauthn:extension:largeBlob: true, webauthn:extension:minPinLength: true, webauthn:extension:prf: true, webauthn:virtualAuthenticators: true}
Session ID: b663b4226697fbab0de0b172f0e2fcd0">
      <![CDATA[org.openqa.selenium.NoSuchWindowException: no such window: target window already closed
from unknown error: web view not found
  (Session info: chrome=126.0.6478.127)
Build info: version: '4.18.1', revision: 'b1d3319b48'
System info: os.name: 'Windows 11', os.arch: 'amd64', os.version: '10.0', java.version: '17.0.10'
Driver info: org.openqa.selenium.chrome.ChromeDriver
Command: [b663b4226697fbab0de0b172f0e2fcd0, screenshot {}]
Capabilities {acceptInsecureCerts: false, browserName: chrome, browserVersion: 126.0.6478.127, chrome: {chromedriverVersion: 126.0.6478.126 (d36ace6122e..., userDataDir: C:\Users\hp\AppData\Local\T...}, fedcm:accounts: true, goog:chromeOptions: {debuggerAddress: localhost:51167}, networkConnectionEnabled: false, pageLoadStrategy: normal, platformName: windows, proxy: Proxy(), se:cdp: ws://localhost:51167/devtoo..., se:cdpVersion: 126.0.6478.127, setWindowRect: true, strictFileInteractability: false, timeouts: {implicit: 0, pageLoad: 300000, script: 30000}, unhandledPromptBehavior: dismiss and notify, webauthn:extension:credBlob: true, webauthn:extension:largeBlob: true, webauthn:extension:minPinLength: true, webauthn:extension:prf: true, webauthn:virtualAuthenticators: true}
Session ID: b663b4226697fbab0de0b172f0e2fcd0
at org.openqa.selenium.remote.ErrorCodec.decode(ErrorCodec.java:167)
at org.openqa.selenium.remote.codec.w3c.W3CHttpResponseCodec.decode(W3CHttpResponseCodec.java:138)
at org.openqa.selenium.remote.codec.w3c.W3CHttpResponseCodec.decode(W3CHttpResponseCodec.java:50)
at org.openqa.selenium.remote.HttpCommandExecutor.execute(HttpCommandExecutor.java:190)
at org.openqa.selenium.remote.service.DriverCommandExecutor.invokeExecute(DriverCommandExecutor.java:216)
at org.openqa.selenium.remote.service.DriverCommandExecutor.execute(DriverCommandExecutor.java:174)
at org.openqa.selenium.remote.RemoteWebDriver.execute(RemoteWebDriver.java:519)
at org.openqa.selenium.remote.RemoteWebDriver.execute(RemoteWebDriver.java:592)
at org.openqa.selenium.remote.RemoteWebDriver.execute(RemoteWebDriver.java:596)
at org.openqa.selenium.remote.RemoteWebDriver.getScreenshotAs(RemoteWebDriver.java:322)
at automationCore.Base.takeScreenShot(Base.java:73)
at automationCore.Base.closeBrowser(Base.java:66)
at java.base/java.util.ArrayList.forEach(ArrayList.java:1511)
... Removed 37 stack frames]]>
    </failure>
  </testcase> <!-- @AfterMethod closeBrowser -->
  <testcase classname="automationCore.Base" name="@BeforeMethod setup" time="0.0">
    <skipped/>
  </testcase> <!-- @BeforeMethod setup -->
  <testcase classname="automationCore.Base" name="@AfterMethod closeBrowser" time="0.0">
    <skipped/>
  </testcase> <!-- @AfterMethod closeBrowser -->
  <testcase classname="test.LoginPageTest" name="VerifyErrorMessageWhileLoginwithInvalidCredentials" time="7.219">
    <skipped/>
  </testcase> <!-- VerifyErrorMessageWhileLoginwithInvalidCredentials -->
  <testcase classname="test.LoginPageTest" name="VerifyErrorMessageWhileLoginwithInvalidCredentials" time="4.45">
    <skipped/>
  </testcase> <!-- VerifyErrorMessageWhileLoginwithInvalidCredentials -->
  <testcase classname="test.LoginPageTest" name="VerifyErrorMessageWhileLoginwithInvalidCredentials" time="4.118">
    <skipped/>
  </testcase> <!-- VerifyErrorMessageWhileLoginwithInvalidCredentials -->
  <testcase classname="test.LoginPageTest" name="VerifyErrorMessageWhileLoginwithInvalidCredentials" time="5.863">
    <failure type="java.lang.RuntimeException" message="Invalid Excel">
      <![CDATA[java.lang.RuntimeException: Invalid Excel
at utilities.ExcelUtility.getStringData(ExcelUtility.java:31)
at test.LoginPageTest.VerifyErrorMessageWhileLoginwithInvalidCredentials(LoginPageTest.java:40)
at java.base/java.util.ArrayList.forEach(ArrayList.java:1511)
... Removed 27 stack frames]]>
    </failure>
  </testcase> <!-- VerifyErrorMessageWhileLoginwithInvalidCredentials -->
  <testcase classname="test.LoginPageTest" name="VerifyErrorMessageWhileLoginwithInvalidCredentials" time="4.347">
    <skipped/>
  </testcase> <!-- VerifyErrorMessageWhileLoginwithInvalidCredentials -->
  <testcase classname="test.LoginPageTest" name="VerifyErrorMessageWhileLoginwithInvalidCredentials" time="4.182">
    <skipped/>
  </testcase> <!-- VerifyErrorMessageWhileLoginwithInvalidCredentials -->
  <testcase classname="test.LoginPageTest" name="VerifyErrorMessageWhileLoginwithInvalidCredentials" time="4.834">
    <skipped/>
  </testcase> <!-- VerifyErrorMessageWhileLoginwithInvalidCredentials -->
  <testcase classname="test.LoginPageTest" name="VerifyErrorMessageWhileLoginwithInvalidCredentials" time="4.106">
    <failure type="java.lang.RuntimeException" message="Invalid Excel">
      <![CDATA[java.lang.RuntimeException: Invalid Excel
at utilities.ExcelUtility.getStringData(ExcelUtility.java:31)
at test.LoginPageTest.VerifyErrorMessageWhileLoginwithInvalidCredentials(LoginPageTest.java:40)
at java.base/java.util.ArrayList.forEach(ArrayList.java:1511)
... Removed 27 stack frames]]>
    </failure>
  </testcase> <!-- VerifyErrorMessageWhileLoginwithInvalidCredentials -->
  <testcase classname="test.LoginPageTest" name="VerifyErrorMessageWhileLoginwithInvalidCredentials" time="4.132">
    <skipped/>
  </testcase> <!-- VerifyErrorMessageWhileLoginwithInvalidCredentials -->
  <testcase classname="test.LoginPageTest" name="VerifyErrorMessageWhileLoginwithInvalidCredentials" time="3.82">
    <skipped/>
  </testcase> <!-- VerifyErrorMessageWhileLoginwithInvalidCredentials -->
  <testcase classname="test.LoginPageTest" name="VerifyErrorMessageWhileLoginwithInvalidCredentials" time="5.357">
    <skipped/>
  </testcase> <!-- VerifyErrorMessageWhileLoginwithInvalidCredentials -->
  <testcase classname="test.LoginPageTest" name="VerifyErrorMessageWhileLoginwithInvalidCredentials" time="4.12">
    <failure type="org.openqa.selenium.NoSuchWindowException" message="no such window: target window already closed
from unknown error: web view not found
  (Session info: chrome=126.0.6478.127)
Build info: version: &amp;apos;4.18.1&amp;apos;, revision: &amp;apos;b1d3319b48&amp;apos;
System info: os.name: &amp;apos;Windows 11&amp;apos;, os.arch: &amp;apos;amd64&amp;apos;, os.version: &amp;apos;10.0&amp;apos;, java.version: &amp;apos;17.0.10&amp;apos;
Driver info: org.openqa.selenium.chrome.ChromeDriver
Command: [b663b4226697fbab0de0b172f0e2fcd0, findElement {using=xpath, value=//span[@class=&amp;apos;help-block&amp;apos;]}]
Capabilities {acceptInsecureCerts: false, browserName: chrome, browserVersion: 126.0.6478.127, chrome: {chromedriverVersion: 126.0.6478.126 (d36ace6122e..., userDataDir: C:\Users\hp\AppData\Local\T...}, fedcm:accounts: true, goog:chromeOptions: {debuggerAddress: localhost:51167}, networkConnectionEnabled: false, pageLoadStrategy: normal, platformName: windows, proxy: Proxy(), se:cdp: ws://localhost:51167/devtoo..., se:cdpVersion: 126.0.6478.127, setWindowRect: true, strictFileInteractability: false, timeouts: {implicit: 0, pageLoad: 300000, script: 30000}, unhandledPromptBehavior: dismiss and notify, webauthn:extension:credBlob: true, webauthn:extension:largeBlob: true, webauthn:extension:minPinLength: true, webauthn:extension:prf: true, webauthn:virtualAuthenticators: true}
Session ID: b663b4226697fbab0de0b172f0e2fcd0">
      <![CDATA[org.openqa.selenium.NoSuchWindowException: no such window: target window already closed
from unknown error: web view not found
  (Session info: chrome=126.0.6478.127)
Build info: version: '4.18.1', revision: 'b1d3319b48'
System info: os.name: 'Windows 11', os.arch: 'amd64', os.version: '10.0', java.version: '17.0.10'
Driver info: org.openqa.selenium.chrome.ChromeDriver
Command: [b663b4226697fbab0de0b172f0e2fcd0, findElement {using=xpath, value=//span[@class='help-block']}]
Capabilities {acceptInsecureCerts: false, browserName: chrome, browserVersion: 126.0.6478.127, chrome: {chromedriverVersion: 126.0.6478.126 (d36ace6122e..., userDataDir: C:\Users\hp\AppData\Local\T...}, fedcm:accounts: true, goog:chromeOptions: {debuggerAddress: localhost:51167}, networkConnectionEnabled: false, pageLoadStrategy: normal, platformName: windows, proxy: Proxy(), se:cdp: ws://localhost:51167/devtoo..., se:cdpVersion: 126.0.6478.127, setWindowRect: true, strictFileInteractability: false, timeouts: {implicit: 0, pageLoad: 300000, script: 30000}, unhandledPromptBehavior: dismiss and notify, webauthn:extension:credBlob: true, webauthn:extension:largeBlob: true, webauthn:extension:minPinLength: true, webauthn:extension:prf: true, webauthn:virtualAuthenticators: true}
Session ID: b663b4226697fbab0de0b172f0e2fcd0
at org.openqa.selenium.remote.ErrorCodec.decode(ErrorCodec.java:167)
at org.openqa.selenium.remote.codec.w3c.W3CHttpResponseCodec.decode(W3CHttpResponseCodec.java:138)
at org.openqa.selenium.remote.codec.w3c.W3CHttpResponseCodec.decode(W3CHttpResponseCodec.java:50)
at org.openqa.selenium.remote.HttpCommandExecutor.execute(HttpCommandExecutor.java:190)
at org.openqa.selenium.remote.service.DriverCommandExecutor.invokeExecute(DriverCommandExecutor.java:216)
at org.openqa.selenium.remote.service.DriverCommandExecutor.execute(DriverCommandExecutor.java:174)
at org.openqa.selenium.remote.RemoteWebDriver.execute(RemoteWebDriver.java:519)
at org.openqa.selenium.remote.ElementLocation$ElementFinder$2.findElement(ElementLocation.java:165)
at org.openqa.selenium.remote.ElementLocation.findElement(ElementLocation.java:59)
at org.openqa.selenium.remote.RemoteWebDriver.findElement(RemoteWebDriver.java:356)
at org.openqa.selenium.remote.RemoteWebDriver.findElement(RemoteWebDriver.java:350)
at org.openqa.selenium.support.pagefactory.DefaultElementLocator.findElement(DefaultElementLocator.java:68)
at org.openqa.selenium.support.pagefactory.internal.LocatingElementHandler.invoke(LocatingElementHandler.java:38)
at jdk.proxy2/jdk.proxy2.$Proxy15.getText(Unknown Source)
at page_object.LoginPage.getValidationMsg(LoginPage.java:47)
at test.LoginPageTest.VerifyErrorMessageWhileLoginwithInvalidCredentials(LoginPageTest.java:39)
at java.base/java.util.ArrayList.forEach(ArrayList.java:1511)
... Removed 32 stack frames]]>
    </failure>
  </testcase> <!-- VerifyErrorMessageWhileLoginwithInvalidCredentials -->
  <testcase classname="test.LoginPageTest" name="VerifyLoginwithValidCredentials" time="0.0">
    <skipped/>
  </testcase> <!-- VerifyLoginwithValidCredentials -->
</testsuite> <!-- Test Report -->
