<?xml version="1.0" encoding="UTF-8"?>
<testng-results ignored="0" total="1" passed="1" failed="0" skipped="0">
  <reporter-output>
  </reporter-output>
  <suite started-at="2024-06-26T21:40:54 BST" name="Default suite" finished-at="2024-06-26T21:42:12 BST" duration-ms="77724">
    <groups>
    </groups>
    <test started-at="2024-06-26T21:40:54 BST" name="Default test" finished-at="2024-06-26T21:42:12 BST" duration-ms="77724">
      <class name="test.UserManagementTest">
        <test-method is-config="true" signature="setup()[pri:0, instance:test.UserManagementTest@42a48628]" started-at="2024-06-26T21:40:54 BST" name="setup" finished-at="2024-06-26T21:41:29 BST" duration-ms="35056" status="PASS">
          <reporter-output>
          </reporter-output>
        </test-method> <!-- setup -->
        <test-method signature="verifyUserManagementOptionsUsers()[pri:0, instance:test.UserManagementTest@42a48628]" started-at="2024-06-26T21:41:29 BST" name="verifyUserManagementOptionsUsers" finished-at="2024-06-26T21:42:12 BST" duration-ms="42532" status="PASS">
          <reporter-output>
          </reporter-output>
        </test-method> <!-- verifyUserManagementOptionsUsers -->
        <test-method is-config="true" signature="closeBrowser(org.testng.ITestResult)[pri:0, instance:test.UserManagementTest@42a48628]" started-at="2024-06-26T21:42:12 BST" name="closeBrowser" finished-at="2024-06-26T21:42:12 BST" duration-ms="3" status="PASS">
          <params>
            <param index="0">
              <value>
                <![CDATA[[TestResult name=verifyUserManagementOptionsUsers status=SUCCESS method=UserManagementTest.verifyUserManagementOptionsUsers()[pri:0, instance:test.UserManagementTest@42a48628] output={null}]]]>
              </value>
            </param>
          </params>
          <reporter-output>
          </reporter-output>
        </test-method> <!-- closeBrowser -->
      </class> <!-- test.UserManagementTest -->
    </test> <!-- Default test -->
  </suite> <!-- Default suite -->
</testng-results>
