<?xml version="1.0" encoding="UTF-8"?>
<testng-results ignored="0" total="1" passed="1" failed="0" skipped="0">
  <reporter-output>
  </reporter-output>
  <suite started-at="2024-06-22T18:45:57 BST" name="Default suite" finished-at="2024-06-22T18:47:49 BST" duration-ms="112015">
    <groups>
    </groups>
    <test started-at="2024-06-22T18:45:57 BST" name="Default test" finished-at="2024-06-22T18:47:49 BST" duration-ms="112015">
      <class name="test.UserPageTest">
        <test-method is-config="true" signature="setup()[pri:0, instance:test.UserPageTest@42a48628]" started-at="2024-06-22T18:45:57 BST" name="setup" finished-at="2024-06-22T18:46:18 BST" duration-ms="21018" status="PASS">
          <reporter-output>
          </reporter-output>
        </test-method> <!-- setup -->
        <test-method signature="VerifySearchUserPageTest()[pri:0, instance:test.UserPageTest@42a48628]" started-at="2024-06-22T18:46:18 BST" name="VerifySearchUserPageTest" finished-at="2024-06-22T18:47:49 BST" duration-ms="90873" status="PASS">
          <reporter-output>
          </reporter-output>
        </test-method> <!-- VerifySearchUserPageTest -->
        <test-method is-config="true" signature="closeBrowser(org.testng.ITestResult)[pri:0, instance:test.UserPageTest@42a48628]" started-at="2024-06-22T18:47:49 BST" name="closeBrowser" finished-at="2024-06-22T18:47:49 BST" duration-ms="2" status="PASS">
          <params>
            <param index="0">
              <value>
                <![CDATA[[TestResult name=VerifySearchUserPageTest status=SUCCESS method=UserPageTest.VerifySearchUserPageTest()[pri:0, instance:test.UserPageTest@42a48628] output={null}]]]>
              </value>
            </param>
          </params>
          <reporter-output>
          </reporter-output>
        </test-method> <!-- closeBrowser -->
      </class> <!-- test.UserPageTest -->
    </test> <!-- Default test -->
  </suite> <!-- Default suite -->
</testng-results>
