<?xml version="1.0" encoding="UTF-8"?>
<testng-results ignored="0" total="1" passed="1" failed="0" skipped="0">
  <reporter-output>
  </reporter-output>
  <suite started-at="2024-07-07T11:22:09 BST" name="Suite" finished-at="2024-07-07T11:22:32 BST" duration-ms="22869">
    <groups>
      <group name="Regression">
        <method signature="HomePageTest.verifyUserLoginDate()[pri:0, instance:test.HomePageTest@44c03695]" name="verifyUserLoginDate" class="test.HomePageTest"/>
      </group> <!-- Regression -->
    </groups>
    <test started-at="2024-07-07T11:22:09 BST" name="Functional Test" finished-at="2024-07-07T11:22:32 BST" duration-ms="22869">
      <class name="test.HomePageTest">
        <test-method is-config="true" signature="setup(java.lang.String)[pri:0, instance:test.HomePageTest@44c03695]" started-at="2024-07-07T11:22:09 BST" name="setup" finished-at="2024-07-07T11:22:27 BST" duration-ms="18103" status="PASS">
          <params>
            <param index="0">
              <value>
                <![CDATA[Chrome]]>
              </value>
            </param>
          </params>
          <reporter-output>
          </reporter-output>
        </test-method> <!-- setup -->
        <test-method signature="verifyUserLoginDate()[pri:0, instance:test.HomePageTest@44c03695]" started-at="2024-07-07T11:22:27 BST" name="verifyUserLoginDate" finished-at="2024-07-07T11:22:32 BST" duration-ms="4539" status="PASS">
          <reporter-output>
          </reporter-output>
        </test-method> <!-- verifyUserLoginDate -->
        <test-method is-config="true" signature="closeBrowser(org.testng.ITestResult)[pri:0, instance:test.HomePageTest@44c03695]" started-at="2024-07-07T11:22:32 BST" name="closeBrowser" finished-at="2024-07-07T11:22:32 BST" duration-ms="148" status="PASS">
          <params>
            <param index="0">
              <value>
                <![CDATA[[TestResult name=verifyUserLoginDate status=SUCCESS method=HomePageTest.verifyUserLoginDate()[pri:0, instance:test.HomePageTest@44c03695] output={null}]]]>
              </value>
            </param>
          </params>
          <reporter-output>
          </reporter-output>
        </test-method> <!-- closeBrowser -->
      </class> <!-- test.HomePageTest -->
    </test> <!-- Functional Test -->
  </suite> <!-- Suite -->
</testng-results>
